<?xml version="1.0" encoding="UTF-8"?>
<!-- Generated by org.testng.reporters.JUnitXMLReporter -->
<testsuite ignored="8" hostname="LTIN185426" failures="0" tests="50" name="edgeTest" time="128.492" errors="0" timestamp="2024-02-28T17:25:57 IST">
  <testcase classname="testScenarios.TC_0001_SearchBookshelve" name="sendInSearch" time="1.751"/>
  <testcase classname="testScenarios.TC_0001_SearchBookshelve" name="clicksearch" time="2.0"/>
  <testcase classname="testScenarios.TC_0002_BookshelvesDetails" name="closePopUp" time="2.709"/>
  <testcase classname="testScenarios.TC_0002_BookshelvesDetails" name="scrollDown" time="0.181"/>
  <testcase classname="testScenarios.TC_0002_BookshelvesDetails" name="hoverCategory" time="0.42"/>
  <testcase classname="testScenarios.TC_0002_BookshelvesDetails" name="bookshelveCategory" time="0.37"/>
  <testcase classname="testScenarios.TC_0002_BookshelvesDetails" name="hoverToPrice" time="0.675"/>
  <testcase classname="testScenarios.TC_0002_BookshelvesDetails" name="waitPriceSlider" time="0.155"/>
  <testcase classname="testScenarios.TC_0002_BookshelvesDetails" name="slidePriceamount" time="8.791"/>
  <testcase classname="testScenarios.TC_0002_BookshelvesDetails" name="hoverSortBy" time="0.187"/>
  <testcase classname="testScenarios.TC_0002_BookshelvesDetails" name="sortAccToPrice" time="0.197"/>
  <testcase classname="testScenarios.TC_0002_BookshelvesDetails" name="inStock" time="0.154"/>
  <testcase classname="testScenarios.TC_0002_BookshelvesDetails" name="collectingBookShelvesList" time="37.637"/>
  <testcase classname="testScenarios.TC_0002_BookshelvesDetails" name="displayingBookShelves" time="0.001"/>
  <testcase classname="testScenarios.TC_0003_LivingMenuItems" name="scrollPageUp" time="0.129"/>
  <testcase classname="testScenarios.TC_0003_LivingMenuItems" name="hoverToLiving" time="0.222"/>
  <testcase classname="testScenarios.TC_0003_LivingMenuItems" name="waitforSubmenu" time="0.078"/>
  <testcase classname="testScenarios.TC_0003_LivingMenuItems" name="submenuSeatingandChairStoreInExcel" time="4.664"/>
  <testcase classname="testScenarios.TC_0003_LivingMenuItems" name="displaySubMenuSeatingandChair" time="2.25"/>
  <testcase classname="testScenarios.TC_0004_GiftCards" name="scrollPage" time="0.058"/>
  <testcase classname="testScenarios.TC_0004_GiftCards" name="clickGiftCardsButton" time="23.489"/>
  <testcase classname="testScenarios.TC_0004_GiftCards" name="loadTheJSONFile" time="0.002"/>
  <testcase classname="testScenarios.TC_0004_GiftCards" name="scrollDownToGiftsOptions" time="0.023"/>
  <testcase classname="testScenarios.TC_0004_GiftCards" name="selectBirthdayOrAnniversary" time="0.107"/>
  <testcase classname="testScenarios.TC_0004_GiftCards" name="enteringPriceAmount" time="0.145"/>
  <testcase classname="testScenarios.TC_0004_GiftCards" name="clickOnNextbtn" time="0.081"/>
  <testcase classname="testScenarios.TC_0004_GiftCards" name="enterNameofRecipient" time="0.121"/>
  <testcase classname="testScenarios.TC_0004_GiftCards" name="enterEmailofRecipient" time="0.117"/>
  <testcase classname="testScenarios.TC_0004_GiftCards" name="enterMobileofRecipient" time="0.13"/>
  <testcase classname="testScenarios.TC_0004_GiftCards" name="enterNameofCustomer" time="0.1"/>
  <testcase classname="testScenarios.TC_0004_GiftCards" name="enterEmailofCustomer" time="0.122"/>
  <testcase classname="testScenarios.TC_0004_GiftCards" name="enterMobileNumberofCustomer" time="0.111"/>
  <testcase classname="testScenarios.TC_0004_GiftCards" name="enterAddressofCustomer" time="0.101"/>
  <testcase classname="testScenarios.TC_0004_GiftCards" name="enterPinofCustomerPin" time="0.104"/>
  <testcase classname="testScenarios.TC_0004_GiftCards" name="enterMessageIfAny" time="0.135"/>
  <testcase classname="testScenarios.TC_0004_GiftCards" name="clickOnConfirmbtn" time="3.147"/>
  <testcase classname="testScenarios.TC_0004_GiftCards" name="getErrorMessage" time="0.025"/>
  <testcase classname="testScenarios.TC_0004_GiftCards" name="clearrecipientmail" time="0.191"/>
  <testcase classname="testScenarios.TC_0004_GiftCards" name="enterCorrectDeatils" time="0.129"/>
  <testcase classname="testScenarios.TC_0004_GiftCards" name="clickConfirmWithcorrectEmail" time="3.113"/>
  <testcase classname="testScenarios.TC_0004_GiftCards" name="confirmDetails" time="0.044"/>
  <testcase classname="testScenarios.TC_0005_ConfirmingFormDetails" name="confirmamountEnetered" time="0.048"/>
  <testcase classname="testScenarios.TC_0005_ConfirmingFormDetails" name="confirmrecipientName" time="0.079"/>
  <testcase classname="testScenarios.TC_0005_ConfirmingFormDetails" name="confirmrecipientEmail" time="0.065"/>
  <testcase classname="testScenarios.TC_0005_ConfirmingFormDetails" name="confirmrecipientMobile" time="0.061"/>
  <testcase classname="testScenarios.TC_0005_ConfirmingFormDetails" name="confirmcustomerName" time="0.063"/>
  <testcase classname="testScenarios.TC_0005_ConfirmingFormDetails" name="confirmcustomerEmail" time="0.06"/>
  <testcase classname="testScenarios.TC_0005_ConfirmingFormDetails" name="confirmcustomerMobile" time="0.061"/>
  <testcase classname="testScenarios.TC_0005_ConfirmingFormDetails" name="confirmcustomerCity" time="0.061"/>
  <testcase classname="testScenarios.TC_0005_ConfirmingFormDetails" name="confirmcustomerPinCode" time="0.046"/>
  <testcase classname="testBase.BaseClass" name="@BeforeTest driverSetup" time="0.0">
    <ignored/>
  </testcase> <!-- @BeforeTest driverSetup -->
  <testcase classname="testBase.BaseClass" name="@BeforeTest driverSetup" time="0.0">
    <ignored/>
  </testcase> <!-- @BeforeTest driverSetup -->
  <testcase classname="testBase.BaseClass" name="@BeforeTest driverSetup" time="0.0">
    <ignored/>
  </testcase> <!-- @BeforeTest driverSetup -->
  <testcase classname="testBase.BaseClass" name="@BeforeTest driverSetup" time="0.0">
    <ignored/>
  </testcase> <!-- @BeforeTest driverSetup -->
  <testcase classname="testBase.BaseClass" name="@AfterTest tearDown" time="0.0">
    <ignored/>
  </testcase> <!-- @AfterTest tearDown -->
  <testcase classname="testBase.BaseClass" name="@AfterTest tearDown" time="0.0">
    <ignored/>
  </testcase> <!-- @AfterTest tearDown -->
  <testcase classname="testBase.BaseClass" name="@AfterTest tearDown" time="0.0">
    <ignored/>
  </testcase> <!-- @AfterTest tearDown -->
  <testcase classname="testBase.BaseClass" name="@AfterTest tearDown" time="0.0">
    <ignored/>
  </testcase> <!-- @AfterTest tearDown -->
</testsuite> <!-- edgeTest -->
