<?xml version="1.0" encoding="UTF-8"?>
<!-- Generated by org.testng.reporters.JUnitXMLReporter -->
<testsuite ignored="45" hostname="LTIN185426" failures="0" tests="5" name="Regression Test one" time="13.199" errors="0" timestamp="2024-02-25T02:49:40 IST">
  <testcase classname="testScenarios.TC_0003_LivingMenuItems" name="scrollPageUp" time="0.086"/>
  <testcase classname="testScenarios.TC_0003_LivingMenuItems" name="hoverToLiving" time="0.478"/>
  <testcase classname="testScenarios.TC_0003_LivingMenuItems" name="waitforSubmenu" time="0.064"/>
  <testcase classname="testScenarios.TC_0003_LivingMenuItems" name="submenuSeatingandChairStoreInExcel" time="6.947"/>
  <testcase classname="testScenarios.TC_0003_LivingMenuItems" name="displaySubMenuSeatingandChair" time="3.257"/>
  <testcase classname="testScenarios.TC_0004_GiftCards" name="scrollPage" time="0.0">
    <ignored/>
  </testcase> <!-- scrollPage -->
  <testcase classname="testScenarios.TC_0005_ConfirmingFormDetails" name="confirmrecipientEmail" time="0.0">
    <ignored/>
  </testcase> <!-- confirmrecipientEmail -->
  <testcase classname="testScenarios.TC_0004_GiftCards" name="enterNameofCustomer" time="0.0">
    <ignored/>
  </testcase> <!-- enterNameofCustomer -->
  <testcase classname="testScenarios.TC_0002_BookshelvesDetails" name="hoverCategory" time="0.0">
    <ignored/>
  </testcase> <!-- hoverCategory -->
  <testcase classname="testScenarios.TC_0002_BookshelvesDetails" name="scrollDown" time="0.0">
    <ignored/>
  </testcase> <!-- scrollDown -->
  <testcase classname="testScenarios.TC_0002_BookshelvesDetails" name="waitPriceSlider" time="0.0">
    <ignored/>
  </testcase> <!-- waitPriceSlider -->
  <testcase classname="testScenarios.TC_0002_BookshelvesDetails" name="displayingBookShelves" time="0.0">
    <ignored/>
  </testcase> <!-- displayingBookShelves -->
  <testcase classname="testScenarios.TC_0004_GiftCards" name="enterPinofCustomerPin" time="0.0">
    <ignored/>
  </testcase> <!-- enterPinofCustomerPin -->
  <testcase classname="testScenarios.TC_0002_BookshelvesDetails" name="bookshelveCategory" time="0.0">
    <ignored/>
  </testcase> <!-- bookshelveCategory -->
  <testcase classname="testScenarios.TC_0002_BookshelvesDetails" name="hoverSortBy" time="0.0">
    <ignored/>
  </testcase> <!-- hoverSortBy -->
  <testcase classname="testScenarios.TC_0004_GiftCards" name="enterMobileofRecipient" time="0.0">
    <ignored/>
  </testcase> <!-- enterMobileofRecipient -->
  <testcase classname="testScenarios.TC_0004_GiftCards" name="enterMessageIfAny" time="0.0">
    <ignored/>
  </testcase> <!-- enterMessageIfAny -->
  <testcase classname="testScenarios.TC_0002_BookshelvesDetails" name="hoverToPrice" time="0.0">
    <ignored/>
  </testcase> <!-- hoverToPrice -->
  <testcase classname="testScenarios.TC_0005_ConfirmingFormDetails" name="confirmcustomerPinCode" time="0.0">
    <ignored/>
  </testcase> <!-- confirmcustomerPinCode -->
  <testcase classname="testScenarios.TC_0001_SearchBookshelve" name="clicksearch" time="0.0">
    <ignored/>
  </testcase> <!-- clicksearch -->
  <testcase classname="testScenarios.TC_0004_GiftCards" name="clearrecipientmail" time="0.0">
    <ignored/>
  </testcase> <!-- clearrecipientmail -->
  <testcase classname="testScenarios.TC_0004_GiftCards" name="scrollDownToGiftsOptions" time="0.0">
    <ignored/>
  </testcase> <!-- scrollDownToGiftsOptions -->
  <testcase classname="testScenarios.TC_0004_GiftCards" name="enterEmailofRecipient" time="0.0">
    <ignored/>
  </testcase> <!-- enterEmailofRecipient -->
  <testcase classname="testScenarios.TC_0005_ConfirmingFormDetails" name="confirmcustomerCity" time="0.0">
    <ignored/>
  </testcase> <!-- confirmcustomerCity -->
  <testcase classname="testScenarios.TC_0004_GiftCards" name="selectBirthdayOrAnniversary" time="0.0">
    <ignored/>
  </testcase> <!-- selectBirthdayOrAnniversary -->
  <testcase classname="testScenarios.TC_0002_BookshelvesDetails" name="closePopUp" time="0.0">
    <ignored/>
  </testcase> <!-- closePopUp -->
  <testcase classname="testScenarios.TC_0002_BookshelvesDetails" name="collectingBookShelvesList" time="0.0">
    <ignored/>
  </testcase> <!-- collectingBookShelvesList -->
  <testcase classname="testScenarios.TC_0005_ConfirmingFormDetails" name="confirmcustomerEmail" time="0.0">
    <ignored/>
  </testcase> <!-- confirmcustomerEmail -->
  <testcase classname="testScenarios.TC_0002_BookshelvesDetails" name="sortAccToPrice" time="0.0">
    <ignored/>
  </testcase> <!-- sortAccToPrice -->
  <testcase classname="testScenarios.TC_0004_GiftCards" name="enterCorrectDeatils" time="0.0">
    <ignored/>
  </testcase> <!-- enterCorrectDeatils -->
  <testcase classname="testScenarios.TC_0004_GiftCards" name="clickOnConfirmbtn" time="0.0">
    <ignored/>
  </testcase> <!-- clickOnConfirmbtn -->
  <testcase classname="testScenarios.TC_0004_GiftCards" name="clickConfirmWithcorrectEmail" time="0.0">
    <ignored/>
  </testcase> <!-- clickConfirmWithcorrectEmail -->
  <testcase classname="testScenarios.TC_0002_BookshelvesDetails" name="slidePriceamount" time="0.0">
    <ignored/>
  </testcase> <!-- slidePriceamount -->
  <testcase classname="testScenarios.TC_0005_ConfirmingFormDetails" name="confirmcustomerMobile" time="0.0">
    <ignored/>
  </testcase> <!-- confirmcustomerMobile -->
  <testcase classname="testScenarios.TC_0001_SearchBookshelve" name="sendInSearch" time="0.0">
    <ignored/>
  </testcase> <!-- sendInSearch -->
  <testcase classname="testScenarios.TC_0004_GiftCards" name="enterMobileNumberofCustomer" time="0.0">
    <ignored/>
  </testcase> <!-- enterMobileNumberofCustomer -->
  <testcase classname="testScenarios.TC_0005_ConfirmingFormDetails" name="confirmcustomerName" time="0.0">
    <ignored/>
  </testcase> <!-- confirmcustomerName -->
  <testcase classname="testScenarios.TC_0004_GiftCards" name="getErrorMessage" time="0.0">
    <ignored/>
  </testcase> <!-- getErrorMessage -->
  <testcase classname="testScenarios.TC_0004_GiftCards" name="enterNameofRecipient" time="0.0">
    <ignored/>
  </testcase> <!-- enterNameofRecipient -->
  <testcase classname="testScenarios.TC_0004_GiftCards" name="clickOnNextbtn" time="0.0">
    <ignored/>
  </testcase> <!-- clickOnNextbtn -->
  <testcase classname="testScenarios.TC_0005_ConfirmingFormDetails" name="confirmrecipientMobile" time="0.0">
    <ignored/>
  </testcase> <!-- confirmrecipientMobile -->
  <testcase classname="testScenarios.TC_0004_GiftCards" name="enterAddressofCustomer" time="0.0">
    <ignored/>
  </testcase> <!-- enterAddressofCustomer -->
  <testcase classname="testScenarios.TC_0004_GiftCards" name="loadTheJSONFile" time="0.0">
    <ignored/>
  </testcase> <!-- loadTheJSONFile -->
  <testcase classname="testScenarios.TC_0002_BookshelvesDetails" name="inStock" time="0.0">
    <ignored/>
  </testcase> <!-- inStock -->
  <testcase classname="testScenarios.TC_0004_GiftCards" name="enteringPriceAmount" time="0.0">
    <ignored/>
  </testcase> <!-- enteringPriceAmount -->
  <testcase classname="testScenarios.TC_0005_ConfirmingFormDetails" name="confirmamountEnetered" time="0.0">
    <ignored/>
  </testcase> <!-- confirmamountEnetered -->
  <testcase classname="testScenarios.TC_0005_ConfirmingFormDetails" name="confirmrecipientName" time="0.0">
    <ignored/>
  </testcase> <!-- confirmrecipientName -->
  <testcase classname="testScenarios.TC_0004_GiftCards" name="confirmDetails" time="0.0">
    <ignored/>
  </testcase> <!-- confirmDetails -->
  <testcase classname="testScenarios.TC_0004_GiftCards" name="enterEmailofCustomer" time="0.0">
    <ignored/>
  </testcase> <!-- enterEmailofCustomer -->
  <testcase classname="testScenarios.TC_0004_GiftCards" name="clickGiftCardsButton" time="0.0">
    <ignored/>
  </testcase> <!-- clickGiftCardsButton -->
</testsuite> <!-- Regression Test one -->
