<?xml version="1.0" encoding="UTF-8"?>
<!-- Generated by org.testng.reporters.JUnitXMLReporter -->
<testsuite ignored="40" hostname="LTIN185426" failures="0" tests="14" name="Smoke Test one" time="77.198" errors="0" timestamp="2024-02-25T02:49:20 IST">
  <testcase classname="testScenarios.TC_0001_SearchBookshelve" name="sendInSearch" time="1.36"/>
  <testcase classname="testScenarios.TC_0001_SearchBookshelve" name="clicksearch" time="1.13"/>
  <testcase classname="testScenarios.TC_0002_BookshelvesDetails" name="closePopUp" time="3.096"/>
  <testcase classname="testScenarios.TC_0002_BookshelvesDetails" name="scrollDown" time="0.2"/>
  <testcase classname="testScenarios.TC_0002_BookshelvesDetails" name="hoverCategory" time="0.221"/>
  <testcase classname="testScenarios.TC_0002_BookshelvesDetails" name="bookshelveCategory" time="0.499"/>
  <testcase classname="testScenarios.TC_0002_BookshelvesDetails" name="hoverToPrice" time="0.296"/>
  <testcase classname="testScenarios.TC_0002_BookshelvesDetails" name="waitPriceSlider" time="0.055"/>
  <testcase classname="testScenarios.TC_0002_BookshelvesDetails" name="slidePriceamount" time="8.796"/>
  <testcase classname="testScenarios.TC_0002_BookshelvesDetails" name="hoverSortBy" time="0.162"/>
  <testcase classname="testScenarios.TC_0002_BookshelvesDetails" name="sortAccToPrice" time="0.102"/>
  <testcase classname="testScenarios.TC_0002_BookshelvesDetails" name="inStock" time="0.149"/>
  <testcase classname="testScenarios.TC_0002_BookshelvesDetails" name="collectingBookShelvesList" time="38.764"/>
  <testcase classname="testScenarios.TC_0002_BookshelvesDetails" name="displayingBookShelves" time="0.001"/>
  <testcase classname="testScenarios.TC_0004_GiftCards" name="scrollPage" time="0.0">
    <ignored/>
  </testcase> <!-- scrollPage -->
  <testcase classname="testScenarios.TC_0005_ConfirmingFormDetails" name="confirmrecipientEmail" time="0.0">
    <ignored/>
  </testcase> <!-- confirmrecipientEmail -->
  <testcase classname="testScenarios.TC_0004_GiftCards" name="enterNameofCustomer" time="0.0">
    <ignored/>
  </testcase> <!-- enterNameofCustomer -->
  <testcase classname="testScenarios.TC_0004_GiftCards" name="enterPinofCustomerPin" time="0.0">
    <ignored/>
  </testcase> <!-- enterPinofCustomerPin -->
  <testcase classname="testScenarios.TC_0004_GiftCards" name="enterMobileofRecipient" time="0.0">
    <ignored/>
  </testcase> <!-- enterMobileofRecipient -->
  <testcase classname="testScenarios.TC_0004_GiftCards" name="enterMessageIfAny" time="0.0">
    <ignored/>
  </testcase> <!-- enterMessageIfAny -->
  <testcase classname="testScenarios.TC_0003_LivingMenuItems" name="waitforSubmenu" time="0.0">
    <ignored/>
  </testcase> <!-- waitforSubmenu -->
  <testcase classname="testScenarios.TC_0005_ConfirmingFormDetails" name="confirmcustomerPinCode" time="0.0">
    <ignored/>
  </testcase> <!-- confirmcustomerPinCode -->
  <testcase classname="testScenarios.TC_0004_GiftCards" name="clearrecipientmail" time="0.0">
    <ignored/>
  </testcase> <!-- clearrecipientmail -->
  <testcase classname="testScenarios.TC_0004_GiftCards" name="scrollDownToGiftsOptions" time="0.0">
    <ignored/>
  </testcase> <!-- scrollDownToGiftsOptions -->
  <testcase classname="testScenarios.TC_0004_GiftCards" name="enterEmailofRecipient" time="0.0">
    <ignored/>
  </testcase> <!-- enterEmailofRecipient -->
  <testcase classname="testScenarios.TC_0005_ConfirmingFormDetails" name="confirmcustomerCity" time="0.0">
    <ignored/>
  </testcase> <!-- confirmcustomerCity -->
  <testcase classname="testScenarios.TC_0003_LivingMenuItems" name="submenuSeatingandChairStoreInExcel" time="0.0">
    <ignored/>
  </testcase> <!-- submenuSeatingandChairStoreInExcel -->
  <testcase classname="testScenarios.TC_0004_GiftCards" name="selectBirthdayOrAnniversary" time="0.0">
    <ignored/>
  </testcase> <!-- selectBirthdayOrAnniversary -->
  <testcase classname="testScenarios.TC_0005_ConfirmingFormDetails" name="confirmcustomerEmail" time="0.0">
    <ignored/>
  </testcase> <!-- confirmcustomerEmail -->
  <testcase classname="testScenarios.TC_0004_GiftCards" name="enterCorrectDeatils" time="0.0">
    <ignored/>
  </testcase> <!-- enterCorrectDeatils -->
  <testcase classname="testScenarios.TC_0004_GiftCards" name="clickOnConfirmbtn" time="0.0">
    <ignored/>
  </testcase> <!-- clickOnConfirmbtn -->
  <testcase classname="testScenarios.TC_0004_GiftCards" name="clickConfirmWithcorrectEmail" time="0.0">
    <ignored/>
  </testcase> <!-- clickConfirmWithcorrectEmail -->
  <testcase classname="testScenarios.TC_0005_ConfirmingFormDetails" name="confirmcustomerMobile" time="0.0">
    <ignored/>
  </testcase> <!-- confirmcustomerMobile -->
  <testcase classname="testScenarios.TC_0004_GiftCards" name="enterMobileNumberofCustomer" time="0.0">
    <ignored/>
  </testcase> <!-- enterMobileNumberofCustomer -->
  <testcase classname="testScenarios.TC_0005_ConfirmingFormDetails" name="confirmcustomerName" time="0.0">
    <ignored/>
  </testcase> <!-- confirmcustomerName -->
  <testcase classname="testScenarios.TC_0003_LivingMenuItems" name="hoverToLiving" time="0.0">
    <ignored/>
  </testcase> <!-- hoverToLiving -->
  <testcase classname="testScenarios.TC_0004_GiftCards" name="getErrorMessage" time="0.0">
    <ignored/>
  </testcase> <!-- getErrorMessage -->
  <testcase classname="testBase.BaseClass" name="@BeforeTest driverSetup" time="0.0">
    <ignored/>
  </testcase> <!-- @BeforeTest driverSetup -->
  <testcase classname="testBase.BaseClass" name="@BeforeTest driverSetup" time="0.0">
    <ignored/>
  </testcase> <!-- @BeforeTest driverSetup -->
  <testcase classname="testBase.BaseClass" name="@BeforeTest driverSetup" time="0.0">
    <ignored/>
  </testcase> <!-- @BeforeTest driverSetup -->
  <testcase classname="testBase.BaseClass" name="@BeforeTest driverSetup" time="0.0">
    <ignored/>
  </testcase> <!-- @BeforeTest driverSetup -->
  <testcase classname="testScenarios.TC_0004_GiftCards" name="enterNameofRecipient" time="0.0">
    <ignored/>
  </testcase> <!-- enterNameofRecipient -->
  <testcase classname="testScenarios.TC_0004_GiftCards" name="clickOnNextbtn" time="0.0">
    <ignored/>
  </testcase> <!-- clickOnNextbtn -->
  <testcase classname="testScenarios.TC_0005_ConfirmingFormDetails" name="confirmrecipientMobile" time="0.0">
    <ignored/>
  </testcase> <!-- confirmrecipientMobile -->
  <testcase classname="testScenarios.TC_0004_GiftCards" name="enterAddressofCustomer" time="0.0">
    <ignored/>
  </testcase> <!-- enterAddressofCustomer -->
  <testcase classname="testScenarios.TC_0004_GiftCards" name="loadTheJSONFile" time="0.0">
    <ignored/>
  </testcase> <!-- loadTheJSONFile -->
  <testcase classname="testScenarios.TC_0003_LivingMenuItems" name="scrollPageUp" time="0.0">
    <ignored/>
  </testcase> <!-- scrollPageUp -->
  <testcase classname="testScenarios.TC_0004_GiftCards" name="enteringPriceAmount" time="0.0">
    <ignored/>
  </testcase> <!-- enteringPriceAmount -->
  <testcase classname="testScenarios.TC_0005_ConfirmingFormDetails" name="confirmamountEnetered" time="0.0">
    <ignored/>
  </testcase> <!-- confirmamountEnetered -->
  <testcase classname="testScenarios.TC_0005_ConfirmingFormDetails" name="confirmrecipientName" time="0.0">
    <ignored/>
  </testcase> <!-- confirmrecipientName -->
  <testcase classname="testScenarios.TC_0003_LivingMenuItems" name="displaySubMenuSeatingandChair" time="0.0">
    <ignored/>
  </testcase> <!-- displaySubMenuSeatingandChair -->
  <testcase classname="testScenarios.TC_0004_GiftCards" name="confirmDetails" time="0.0">
    <ignored/>
  </testcase> <!-- confirmDetails -->
  <testcase classname="testScenarios.TC_0004_GiftCards" name="enterEmailofCustomer" time="0.0">
    <ignored/>
  </testcase> <!-- enterEmailofCustomer -->
  <testcase classname="testScenarios.TC_0004_GiftCards" name="clickGiftCardsButton" time="0.0">
    <ignored/>
  </testcase> <!-- clickGiftCardsButton -->
</testsuite> <!-- Smoke Test one -->
