<?xml version="1.0" encoding="UTF-8"?>
<!-- Generated by org.testng.reporters.JUnitXMLReporter -->
<testsuite ignored="8" hostname="LTIN185426" failures="0" tests="50" name="Test" time="200.55" errors="0" timestamp="2024-02-28T16:04:09 IST">
  <testcase classname="testScenarios.TC_0001_SearchBookshelve" name="sendInSearch" time="2.063"/>
  <testcase classname="testScenarios.TC_0001_SearchBookshelve" name="clicksearch" time="2.4"/>
  <testcase classname="testScenarios.TC_0002_BookshelvesDetails" name="closePopUp" time="2.133"/>
  <testcase classname="testScenarios.TC_0002_BookshelvesDetails" name="scrollDown" time="0.101"/>
  <testcase classname="testScenarios.TC_0002_BookshelvesDetails" name="hoverCategory" time="0.228"/>
  <testcase classname="testScenarios.TC_0002_BookshelvesDetails" name="bookshelveCategory" time="0.38"/>
  <testcase classname="testScenarios.TC_0002_BookshelvesDetails" name="hoverToPrice" time="0.647"/>
  <testcase classname="testScenarios.TC_0002_BookshelvesDetails" name="waitPriceSlider" time="0.055"/>
  <testcase classname="testScenarios.TC_0002_BookshelvesDetails" name="slidePriceamount" time="8.886"/>
  <testcase classname="testScenarios.TC_0002_BookshelvesDetails" name="hoverSortBy" time="0.22"/>
  <testcase classname="testScenarios.TC_0002_BookshelvesDetails" name="sortAccToPrice" time="0.214"/>
  <testcase classname="testScenarios.TC_0002_BookshelvesDetails" name="inStock" time="0.235"/>
  <testcase classname="testScenarios.TC_0002_BookshelvesDetails" name="collectingBookShelvesList" time="62.75"/>
  <testcase classname="testScenarios.TC_0002_BookshelvesDetails" name="displayingBookShelves" time="0.003"/>
  <testcase classname="testScenarios.TC_0003_LivingMenuItems" name="scrollPageUp" time="0.123"/>
  <testcase classname="testScenarios.TC_0003_LivingMenuItems" name="hoverToLiving" time="0.216"/>
  <testcase classname="testScenarios.TC_0003_LivingMenuItems" name="waitforSubmenu" time="0.059"/>
  <testcase classname="testScenarios.TC_0003_LivingMenuItems" name="submenuSeatingandChairStoreInExcel" time="7.453"/>
  <testcase classname="testScenarios.TC_0003_LivingMenuItems" name="displaySubMenuSeatingandChair" time="3.442"/>
  <testcase classname="testScenarios.TC_0004_GiftCards" name="scrollPage" time="0.125"/>
  <testcase classname="testScenarios.TC_0004_GiftCards" name="clickGiftCardsButton" time="49.412"/>
  <testcase classname="testScenarios.TC_0004_GiftCards" name="loadTheJSONFile" time="0.065"/>
  <testcase classname="testScenarios.TC_0004_GiftCards" name="scrollDownToGiftsOptions" time="0.061"/>
  <testcase classname="testScenarios.TC_0004_GiftCards" name="selectBirthdayOrAnniversary" time="0.2"/>
  <testcase classname="testScenarios.TC_0004_GiftCards" name="enteringPriceAmount" time="0.226"/>
  <testcase classname="testScenarios.TC_0004_GiftCards" name="clickOnNextbtn" time="0.152"/>
  <testcase classname="testScenarios.TC_0004_GiftCards" name="enterNameofRecipient" time="0.226"/>
  <testcase classname="testScenarios.TC_0004_GiftCards" name="enterEmailofRecipient" time="0.19"/>
  <testcase classname="testScenarios.TC_0004_GiftCards" name="enterMobileofRecipient" time="0.199"/>
  <testcase classname="testScenarios.TC_0004_GiftCards" name="enterNameofCustomer" time="0.168"/>
  <testcase classname="testScenarios.TC_0004_GiftCards" name="enterEmailofCustomer" time="0.187"/>
  <testcase classname="testScenarios.TC_0004_GiftCards" name="enterMobileNumberofCustomer" time="0.176"/>
  <testcase classname="testScenarios.TC_0004_GiftCards" name="enterAddressofCustomer" time="0.205"/>
  <testcase classname="testScenarios.TC_0004_GiftCards" name="enterPinofCustomerPin" time="0.214"/>
  <testcase classname="testScenarios.TC_0004_GiftCards" name="enterMessageIfAny" time="0.213"/>
  <testcase classname="testScenarios.TC_0004_GiftCards" name="clickOnConfirmbtn" time="3.444"/>
  <testcase classname="testScenarios.TC_0004_GiftCards" name="getErrorMessage" time="0.047"/>
  <testcase classname="testScenarios.TC_0004_GiftCards" name="clearrecipientmail" time="0.313"/>
  <testcase classname="testScenarios.TC_0004_GiftCards" name="enterCorrectDeatils" time="0.262"/>
  <testcase classname="testScenarios.TC_0004_GiftCards" name="clickConfirmWithcorrectEmail" time="3.227"/>
  <testcase classname="testScenarios.TC_0004_GiftCards" name="confirmDetails" time="0.09"/>
  <testcase classname="testScenarios.TC_0005_ConfirmingFormDetails" name="confirmamountEnetered" time="0.122"/>
  <testcase classname="testScenarios.TC_0005_ConfirmingFormDetails" name="confirmrecipientName" time="0.129"/>
  <testcase classname="testScenarios.TC_0005_ConfirmingFormDetails" name="confirmrecipientEmail" time="0.117"/>
  <testcase classname="testScenarios.TC_0005_ConfirmingFormDetails" name="confirmrecipientMobile" time="0.109"/>
  <testcase classname="testScenarios.TC_0005_ConfirmingFormDetails" name="confirmcustomerName" time="0.105"/>
  <testcase classname="testScenarios.TC_0005_ConfirmingFormDetails" name="confirmcustomerEmail" time="0.115"/>
  <testcase classname="testScenarios.TC_0005_ConfirmingFormDetails" name="confirmcustomerMobile" time="0.128"/>
  <testcase classname="testScenarios.TC_0005_ConfirmingFormDetails" name="confirmcustomerCity" time="0.115"/>
  <testcase classname="testScenarios.TC_0005_ConfirmingFormDetails" name="confirmcustomerPinCode" time="0.083"/>
  <testcase classname="testBase.BaseClass" name="@BeforeTest driverSetup" time="0.0">
    <ignored/>
  </testcase> <!-- @BeforeTest driverSetup -->
  <testcase classname="testBase.BaseClass" name="@BeforeTest driverSetup" time="0.0">
    <ignored/>
  </testcase> <!-- @BeforeTest driverSetup -->
  <testcase classname="testBase.BaseClass" name="@BeforeTest driverSetup" time="0.0">
    <ignored/>
  </testcase> <!-- @BeforeTest driverSetup -->
  <testcase classname="testBase.BaseClass" name="@BeforeTest driverSetup" time="0.0">
    <ignored/>
  </testcase> <!-- @BeforeTest driverSetup -->
  <testcase classname="testBase.BaseClass" name="@AfterTest tearDown" time="0.0">
    <ignored/>
  </testcase> <!-- @AfterTest tearDown -->
  <testcase classname="testBase.BaseClass" name="@AfterTest tearDown" time="0.0">
    <ignored/>
  </testcase> <!-- @AfterTest tearDown -->
  <testcase classname="testBase.BaseClass" name="@AfterTest tearDown" time="0.0">
    <ignored/>
  </testcase> <!-- @AfterTest tearDown -->
  <testcase classname="testBase.BaseClass" name="@AfterTest tearDown" time="0.0">
    <ignored/>
  </testcase> <!-- @AfterTest tearDown -->
</testsuite> <!-- Test -->
