<?xml version="1.0" encoding="UTF-8"?>
<!-- Generated by org.testng.reporters.JUnitXMLReporter -->
<testsuite ignored="8" hostname="LTIN185426" failures="0" tests="50" name="Test" time="11.93" errors="0" timestamp="2024-02-27T14:16:41 IST">
  <testcase classname="testBase.BaseClass" name="@BeforeTest driverSetup" time="11.056">
    <failure type="org.openqa.selenium.SessionNotCreatedException" message="Could not start a new session. Possible causes are invalid address of the remote server or browser start-up failure. 
Host info: host: &amp;apos;LTIN185426&amp;apos;, ip: &amp;apos;10.66.136.196&amp;apos;">
      <![CDATA[org.openqa.selenium.SessionNotCreatedException: Could not start a new session. Possible causes are invalid address of the remote server or browser start-up failure. 
Host info: host: 'LTIN185426', ip: '10.66.136.196'
at org.openqa.selenium.remote.RemoteWebDriver.execute(RemoteWebDriver.java:537)
at org.openqa.selenium.remote.RemoteWebDriver.startSession(RemoteWebDriver.java:233)
at org.openqa.selenium.remote.RemoteWebDriver.<init>(RemoteWebDriver.java:162)
at org.openqa.selenium.remote.RemoteWebDriver.<init>(RemoteWebDriver.java:142)
at testBase.BaseClass.driverSetup(BaseClass.java:109)
Caused by: org.openqa.selenium.TimeoutException: java.net.http.HttpConnectTimeoutException: HTTP connect timed out
Build info: version: '4.17.0', revision: 'e52b1be057*'
System info: os.name: 'Windows 11', os.arch: 'amd64', os.version: '10.0', java.version: '21.0.2'
Driver info: driver.version: RemoteWebDriver
at org.openqa.selenium.remote.http.jdk.JdkHttpClient.execute0(JdkHttpClient.java:392)
at org.openqa.selenium.remote.http.AddSeleniumUserAgent.lambda$apply$0(AddSeleniumUserAgent.java:42)
at org.openqa.selenium.remote.http.Filter.lambda$andFinally$1(Filter.java:55)
at org.openqa.selenium.remote.http.jdk.JdkHttpClient.execute(JdkHttpClient.java:358)
at org.openqa.selenium.remote.tracing.TracedHttpClient.execute(TracedHttpClient.java:54)
at org.openqa.selenium.remote.ProtocolHandshake.createSession(ProtocolHandshake.java:114)
at org.openqa.selenium.remote.ProtocolHandshake.createSession(ProtocolHandshake.java:95)
at org.openqa.selenium.remote.ProtocolHandshake.createSession(ProtocolHandshake.java:67)
at org.openqa.selenium.remote.HttpCommandExecutor.execute(HttpCommandExecutor.java:162)
at org.openqa.selenium.remote.TracedCommandExecutor.execute(TracedCommandExecutor.java:51)
at org.openqa.selenium.remote.RemoteWebDriver.execute(RemoteWebDriver.java:519)
... 26 more
Caused by: java.net.http.HttpConnectTimeoutException: HTTP connect timed out
at java.net.http/jdk.internal.net.http.MultiExchange.toTimeoutException(MultiExchange.java:585)
at java.net.http/jdk.internal.net.http.MultiExchange.getExceptionalCF(MultiExchange.java:532)
at java.net.http/jdk.internal.net.http.MultiExchange.lambda$responseAsyncImpl$7(MultiExchange.java:452)
at java.base/java.util.concurrent.CompletableFuture.uniHandle(CompletableFuture.java:934)
at java.base/java.util.concurrent.CompletableFuture$UniHandle.tryFire(CompletableFuture.java:911)
at java.base/java.util.concurrent.CompletableFuture.postComplete(CompletableFuture.java:510)
at java.base/java.util.concurrent.CompletableFuture.completeExceptionally(CompletableFuture.java:2194)
at java.net.http/jdk.internal.net.http.Http1Exchange.lambda$cancelImpl$9(Http1Exchange.java:592)
at java.base/java.util.concurrent.ThreadPoolExecutor.runWorker(ThreadPoolExecutor.java:1144)
at java.base/java.util.concurrent.ThreadPoolExecutor$Worker.run(ThreadPoolExecutor.java:642)
at java.base/java.lang.Thread.run(Thread.java:1583)
Caused by: java.net.ConnectException: HTTP connect timed out
at java.net.http/jdk.internal.net.http.MultiExchange.toTimeoutException(MultiExchange.java:586)
... 10 more
... Removed 22 stack frames]]>
    </failure>
  </testcase> <!-- @BeforeTest driverSetup -->
  <testcase classname="testBase.BaseClass" name="@AfterTest tearDown" time="-1.709023601056E9">
    <skipped/>
  </testcase> <!-- @AfterTest tearDown -->
  <testcase classname="testScenarios.TC_0001_SearchBookshelve" name="sendInSearch" time="0.0">
    <skipped/>
  </testcase> <!-- sendInSearch -->
  <testcase classname="testScenarios.TC_0001_SearchBookshelve" name="clicksearch" time="0.0">
    <skipped/>
  </testcase> <!-- clicksearch -->
  <testcase classname="testScenarios.TC_0002_BookshelvesDetails" name="closePopUp" time="0.0">
    <skipped/>
  </testcase> <!-- closePopUp -->
  <testcase classname="testScenarios.TC_0002_BookshelvesDetails" name="scrollDown" time="0.0">
    <skipped/>
  </testcase> <!-- scrollDown -->
  <testcase classname="testScenarios.TC_0002_BookshelvesDetails" name="hoverCategory" time="0.0">
    <skipped/>
  </testcase> <!-- hoverCategory -->
  <testcase classname="testScenarios.TC_0002_BookshelvesDetails" name="bookshelveCategory" time="0.0">
    <skipped/>
  </testcase> <!-- bookshelveCategory -->
  <testcase classname="testScenarios.TC_0002_BookshelvesDetails" name="hoverToPrice" time="0.0">
    <skipped/>
  </testcase> <!-- hoverToPrice -->
  <testcase classname="testScenarios.TC_0002_BookshelvesDetails" name="waitPriceSlider" time="0.0">
    <skipped/>
  </testcase> <!-- waitPriceSlider -->
  <testcase classname="testScenarios.TC_0002_BookshelvesDetails" name="slidePriceamount" time="0.0">
    <skipped/>
  </testcase> <!-- slidePriceamount -->
  <testcase classname="testScenarios.TC_0002_BookshelvesDetails" name="hoverSortBy" time="0.0">
    <skipped/>
  </testcase> <!-- hoverSortBy -->
  <testcase classname="testScenarios.TC_0002_BookshelvesDetails" name="sortAccToPrice" time="0.0">
    <skipped/>
  </testcase> <!-- sortAccToPrice -->
  <testcase classname="testScenarios.TC_0002_BookshelvesDetails" name="inStock" time="0.0">
    <skipped/>
  </testcase> <!-- inStock -->
  <testcase classname="testScenarios.TC_0002_BookshelvesDetails" name="collectingBookShelvesList" time="0.0">
    <skipped/>
  </testcase> <!-- collectingBookShelvesList -->
  <testcase classname="testScenarios.TC_0002_BookshelvesDetails" name="displayingBookShelves" time="0.0">
    <skipped/>
  </testcase> <!-- displayingBookShelves -->
  <testcase classname="testScenarios.TC_0003_LivingMenuItems" name="scrollPageUp" time="0.0">
    <skipped/>
  </testcase> <!-- scrollPageUp -->
  <testcase classname="testScenarios.TC_0003_LivingMenuItems" name="hoverToLiving" time="0.0">
    <skipped/>
  </testcase> <!-- hoverToLiving -->
  <testcase classname="testScenarios.TC_0003_LivingMenuItems" name="waitforSubmenu" time="0.0">
    <skipped/>
  </testcase> <!-- waitforSubmenu -->
  <testcase classname="testScenarios.TC_0003_LivingMenuItems" name="submenuSeatingandChairStoreInExcel" time="0.0">
    <skipped/>
  </testcase> <!-- submenuSeatingandChairStoreInExcel -->
  <testcase classname="testScenarios.TC_0003_LivingMenuItems" name="displaySubMenuSeatingandChair" time="0.0">
    <skipped/>
  </testcase> <!-- displaySubMenuSeatingandChair -->
  <testcase classname="testScenarios.TC_0004_GiftCards" name="scrollPage" time="0.0">
    <skipped/>
  </testcase> <!-- scrollPage -->
  <testcase classname="testScenarios.TC_0004_GiftCards" name="clickGiftCardsButton" time="0.0">
    <skipped/>
  </testcase> <!-- clickGiftCardsButton -->
  <testcase classname="testScenarios.TC_0004_GiftCards" name="loadTheJSONFile" time="0.0">
    <skipped/>
  </testcase> <!-- loadTheJSONFile -->
  <testcase classname="testScenarios.TC_0004_GiftCards" name="scrollDownToGiftsOptions" time="0.0">
    <skipped/>
  </testcase> <!-- scrollDownToGiftsOptions -->
  <testcase classname="testScenarios.TC_0004_GiftCards" name="selectBirthdayOrAnniversary" time="0.0">
    <skipped/>
  </testcase> <!-- selectBirthdayOrAnniversary -->
  <testcase classname="testScenarios.TC_0004_GiftCards" name="enteringPriceAmount" time="0.0">
    <skipped/>
  </testcase> <!-- enteringPriceAmount -->
  <testcase classname="testScenarios.TC_0004_GiftCards" name="clickOnNextbtn" time="0.0">
    <skipped/>
  </testcase> <!-- clickOnNextbtn -->
  <testcase classname="testScenarios.TC_0004_GiftCards" name="enterNameofRecipient" time="0.0">
    <skipped/>
  </testcase> <!-- enterNameofRecipient -->
  <testcase classname="testScenarios.TC_0004_GiftCards" name="enterEmailofRecipient" time="0.0">
    <skipped/>
  </testcase> <!-- enterEmailofRecipient -->
  <testcase classname="testScenarios.TC_0004_GiftCards" name="enterMobileofRecipient" time="0.0">
    <skipped/>
  </testcase> <!-- enterMobileofRecipient -->
  <testcase classname="testScenarios.TC_0004_GiftCards" name="enterNameofCustomer" time="0.0">
    <skipped/>
  </testcase> <!-- enterNameofCustomer -->
  <testcase classname="testScenarios.TC_0004_GiftCards" name="enterEmailofCustomer" time="0.0">
    <skipped/>
  </testcase> <!-- enterEmailofCustomer -->
  <testcase classname="testScenarios.TC_0004_GiftCards" name="enterMobileNumberofCustomer" time="0.0">
    <skipped/>
  </testcase> <!-- enterMobileNumberofCustomer -->
  <testcase classname="testScenarios.TC_0004_GiftCards" name="enterAddressofCustomer" time="0.0">
    <skipped/>
  </testcase> <!-- enterAddressofCustomer -->
  <testcase classname="testScenarios.TC_0004_GiftCards" name="enterPinofCustomerPin" time="0.0">
    <skipped/>
  </testcase> <!-- enterPinofCustomerPin -->
  <testcase classname="testScenarios.TC_0004_GiftCards" name="enterMessageIfAny" time="0.0">
    <skipped/>
  </testcase> <!-- enterMessageIfAny -->
  <testcase classname="testScenarios.TC_0004_GiftCards" name="clickOnConfirmbtn" time="0.0">
    <skipped/>
  </testcase> <!-- clickOnConfirmbtn -->
  <testcase classname="testScenarios.TC_0004_GiftCards" name="getErrorMessage" time="0.0">
    <skipped/>
  </testcase> <!-- getErrorMessage -->
  <testcase classname="testScenarios.TC_0004_GiftCards" name="clearrecipientmail" time="0.0">
    <skipped/>
  </testcase> <!-- clearrecipientmail -->
  <testcase classname="testScenarios.TC_0004_GiftCards" name="enterCorrectDeatils" time="0.0">
    <skipped/>
  </testcase> <!-- enterCorrectDeatils -->
  <testcase classname="testScenarios.TC_0004_GiftCards" name="clickConfirmWithcorrectEmail" time="0.0">
    <skipped/>
  </testcase> <!-- clickConfirmWithcorrectEmail -->
  <testcase classname="testScenarios.TC_0004_GiftCards" name="confirmDetails" time="0.0">
    <skipped/>
  </testcase> <!-- confirmDetails -->
  <testcase classname="testScenarios.TC_0005_ConfirmingFormDetails" name="confirmamountEnetered" time="0.0">
    <skipped/>
  </testcase> <!-- confirmamountEnetered -->
  <testcase classname="testScenarios.TC_0005_ConfirmingFormDetails" name="confirmrecipientName" time="0.0">
    <skipped/>
  </testcase> <!-- confirmrecipientName -->
  <testcase classname="testScenarios.TC_0005_ConfirmingFormDetails" name="confirmrecipientEmail" time="0.0">
    <skipped/>
  </testcase> <!-- confirmrecipientEmail -->
  <testcase classname="testScenarios.TC_0005_ConfirmingFormDetails" name="confirmrecipientMobile" time="0.0">
    <skipped/>
  </testcase> <!-- confirmrecipientMobile -->
  <testcase classname="testScenarios.TC_0005_ConfirmingFormDetails" name="confirmcustomerName" time="0.0">
    <skipped/>
  </testcase> <!-- confirmcustomerName -->
  <testcase classname="testScenarios.TC_0005_ConfirmingFormDetails" name="confirmcustomerEmail" time="0.0">
    <skipped/>
  </testcase> <!-- confirmcustomerEmail -->
  <testcase classname="testScenarios.TC_0005_ConfirmingFormDetails" name="confirmcustomerMobile" time="0.0">
    <skipped/>
  </testcase> <!-- confirmcustomerMobile -->
  <testcase classname="testScenarios.TC_0005_ConfirmingFormDetails" name="confirmcustomerCity" time="0.0">
    <skipped/>
  </testcase> <!-- confirmcustomerCity -->
  <testcase classname="testScenarios.TC_0005_ConfirmingFormDetails" name="confirmcustomerPinCode" time="0.0">
    <skipped/>
  </testcase> <!-- confirmcustomerPinCode -->
  <testcase classname="testBase.BaseClass" name="@BeforeTest driverSetup" time="0.0">
    <ignored/>
  </testcase> <!-- @BeforeTest driverSetup -->
  <testcase classname="testBase.BaseClass" name="@BeforeTest driverSetup" time="0.0">
    <ignored/>
  </testcase> <!-- @BeforeTest driverSetup -->
  <testcase classname="testBase.BaseClass" name="@BeforeTest driverSetup" time="0.0">
    <ignored/>
  </testcase> <!-- @BeforeTest driverSetup -->
  <testcase classname="testBase.BaseClass" name="@BeforeTest driverSetup" time="0.0">
    <ignored/>
  </testcase> <!-- @BeforeTest driverSetup -->
  <testcase classname="testBase.BaseClass" name="@AfterTest tearDown" time="0.0">
    <ignored/>
  </testcase> <!-- @AfterTest tearDown -->
  <testcase classname="testBase.BaseClass" name="@AfterTest tearDown" time="0.0">
    <ignored/>
  </testcase> <!-- @AfterTest tearDown -->
  <testcase classname="testBase.BaseClass" name="@AfterTest tearDown" time="0.0">
    <ignored/>
  </testcase> <!-- @AfterTest tearDown -->
  <testcase classname="testBase.BaseClass" name="@AfterTest tearDown" time="0.0">
    <ignored/>
  </testcase> <!-- @AfterTest tearDown -->
</testsuite> <!-- Test -->
